<?xml version="1.0" encoding="UTF-8"?>
<!-- Generated by org.testng.reporters.JUnitXMLReporter -->
<testsuite ignored="0" hostname="BRIAPWLgxeNWMVO" failures="4" tests="4" name="Regression Tests execution over Safari Browser" time="0.778" errors="0" timestamp="2023-07-20T18:41:24 IST">
  <testcase classname="com.qa.base.BaseTest" name="@BeforeMethod startDriver" time="0.466">
    <failure type="org.openqa.selenium.WebDriverException" message="SafariDriver requires Safari 10 running on OSX El Capitan or greater.
Build info: version: &amp;apos;3.141.59&amp;apos;, revision: &amp;apos;e82be7d358&amp;apos;, time: &amp;apos;2018-11-14T08:17:03&amp;apos;
System info: host: &amp;apos;BRIAPWLGXENWMVO&amp;apos;, ip: &amp;apos;192.168.1.6&amp;apos;, os.name: &amp;apos;Windows 10&amp;apos;, os.arch: &amp;apos;amd64&amp;apos;, os.version: &amp;apos;10.0&amp;apos;, java.version: &amp;apos;17.0.1&amp;apos;
Driver info: driver.version: SafariDriver">
      <![CDATA[org.openqa.selenium.WebDriverException: SafariDriver requires Safari 10 running on OSX El Capitan or greater.
Build info: version: '3.141.59', revision: 'e82be7d358', time: '2018-11-14T08:17:03'
System info: host: 'BRIAPWLGXENWMVO', ip: '192.168.1.6', os.name: 'Windows 10', os.arch: 'amd64', os.version: '10.0', java.version: '17.0.1'
Driver info: driver.version: SafariDriver
at org.openqa.selenium.safari.SafariDriverService.createDefaultService(SafariDriverService.java:59)
at org.openqa.selenium.safari.SafariDriver.<init>(SafariDriver.java:63)
at org.openqa.selenium.safari.SafariDriver.<init>(SafariDriver.java:41)
at com.qa.driver.DriverManagerSafari.createDriver(DriverManagerSafari.java:19)
at com.qa.base.BaseTest.startDriver(BaseTest.java:68)
at java.base/java.util.concurrent.ThreadPoolExecutor.runWorker(ThreadPoolExecutor.java:1136)
at java.base/java.util.concurrent.ThreadPoolExecutor$Worker.run(ThreadPoolExecutor.java:635)
at java.base/java.lang.Thread.run(Thread.java:833)
... Removed 16 stack frames]]>
    </failure>
  </testcase> <!-- @BeforeMethod startDriver -->
  <testcase classname="com.qa.base.BaseTest" name="@BeforeMethod startDriver" time="0.007">
    <failure type="org.openqa.selenium.WebDriverException" message="SafariDriver requires Safari 10 running on OSX El Capitan or greater.
Build info: version: &amp;apos;3.141.59&amp;apos;, revision: &amp;apos;e82be7d358&amp;apos;, time: &amp;apos;2018-11-14T08:17:03&amp;apos;
System info: host: &amp;apos;BRIAPWLGXENWMVO&amp;apos;, ip: &amp;apos;192.168.1.6&amp;apos;, os.name: &amp;apos;Windows 10&amp;apos;, os.arch: &amp;apos;amd64&amp;apos;, os.version: &amp;apos;10.0&amp;apos;, java.version: &amp;apos;17.0.1&amp;apos;
Driver info: driver.version: SafariDriver">
      <![CDATA[org.openqa.selenium.WebDriverException: SafariDriver requires Safari 10 running on OSX El Capitan or greater.
Build info: version: '3.141.59', revision: 'e82be7d358', time: '2018-11-14T08:17:03'
System info: host: 'BRIAPWLGXENWMVO', ip: '192.168.1.6', os.name: 'Windows 10', os.arch: 'amd64', os.version: '10.0', java.version: '17.0.1'
Driver info: driver.version: SafariDriver
at org.openqa.selenium.safari.SafariDriverService.createDefaultService(SafariDriverService.java:59)
at org.openqa.selenium.safari.SafariDriver.<init>(SafariDriver.java:63)
at org.openqa.selenium.safari.SafariDriver.<init>(SafariDriver.java:41)
at com.qa.driver.DriverManagerSafari.createDriver(DriverManagerSafari.java:19)
at com.qa.base.BaseTest.startDriver(BaseTest.java:68)
at java.base/java.util.concurrent.ThreadPoolExecutor.runWorker(ThreadPoolExecutor.java:1136)
at java.base/java.util.concurrent.ThreadPoolExecutor$Worker.run(ThreadPoolExecutor.java:635)
at java.base/java.lang.Thread.run(Thread.java:833)
... Removed 16 stack frames]]>
    </failure>
  </testcase> <!-- @BeforeMethod startDriver -->
  <testcase classname="com.qa.base.BaseTest" name="@BeforeMethod startDriver" time="0.009">
    <failure type="org.openqa.selenium.WebDriverException" message="SafariDriver requires Safari 10 running on OSX El Capitan or greater.
Build info: version: &amp;apos;3.141.59&amp;apos;, revision: &amp;apos;e82be7d358&amp;apos;, time: &amp;apos;2018-11-14T08:17:03&amp;apos;
System info: host: &amp;apos;BRIAPWLGXENWMVO&amp;apos;, ip: &amp;apos;192.168.1.6&amp;apos;, os.name: &amp;apos;Windows 10&amp;apos;, os.arch: &amp;apos;amd64&amp;apos;, os.version: &amp;apos;10.0&amp;apos;, java.version: &amp;apos;17.0.1&amp;apos;
Driver info: driver.version: SafariDriver">
      <![CDATA[org.openqa.selenium.WebDriverException: SafariDriver requires Safari 10 running on OSX El Capitan or greater.
Build info: version: '3.141.59', revision: 'e82be7d358', time: '2018-11-14T08:17:03'
System info: host: 'BRIAPWLGXENWMVO', ip: '192.168.1.6', os.name: 'Windows 10', os.arch: 'amd64', os.version: '10.0', java.version: '17.0.1'
Driver info: driver.version: SafariDriver
at org.openqa.selenium.safari.SafariDriverService.createDefaultService(SafariDriverService.java:59)
at org.openqa.selenium.safari.SafariDriver.<init>(SafariDriver.java:63)
at org.openqa.selenium.safari.SafariDriver.<init>(SafariDriver.java:41)
at com.qa.driver.DriverManagerSafari.createDriver(DriverManagerSafari.java:19)
at com.qa.base.BaseTest.startDriver(BaseTest.java:68)
at java.base/java.util.concurrent.ThreadPoolExecutor.runWorker(ThreadPoolExecutor.java:1136)
at java.base/java.util.concurrent.ThreadPoolExecutor$Worker.run(ThreadPoolExecutor.java:635)
at java.base/java.lang.Thread.run(Thread.java:833)
... Removed 16 stack frames]]>
    </failure>
  </testcase> <!-- @BeforeMethod startDriver -->
  <testcase classname="com.qa.base.BaseTest" name="@BeforeMethod startDriver" time="0.005">
    <failure type="org.openqa.selenium.WebDriverException" message="SafariDriver requires Safari 10 running on OSX El Capitan or greater.
Build info: version: &amp;apos;3.141.59&amp;apos;, revision: &amp;apos;e82be7d358&amp;apos;, time: &amp;apos;2018-11-14T08:17:03&amp;apos;
System info: host: &amp;apos;BRIAPWLGXENWMVO&amp;apos;, ip: &amp;apos;192.168.1.6&amp;apos;, os.name: &amp;apos;Windows 10&amp;apos;, os.arch: &amp;apos;amd64&amp;apos;, os.version: &amp;apos;10.0&amp;apos;, java.version: &amp;apos;17.0.1&amp;apos;
Driver info: driver.version: SafariDriver">
      <![CDATA[org.openqa.selenium.WebDriverException: SafariDriver requires Safari 10 running on OSX El Capitan or greater.
Build info: version: '3.141.59', revision: 'e82be7d358', time: '2018-11-14T08:17:03'
System info: host: 'BRIAPWLGXENWMVO', ip: '192.168.1.6', os.name: 'Windows 10', os.arch: 'amd64', os.version: '10.0', java.version: '17.0.1'
Driver info: driver.version: SafariDriver
at org.openqa.selenium.safari.SafariDriverService.createDefaultService(SafariDriverService.java:59)
at org.openqa.selenium.safari.SafariDriver.<init>(SafariDriver.java:63)
at org.openqa.selenium.safari.SafariDriver.<init>(SafariDriver.java:41)
at com.qa.driver.DriverManagerSafari.createDriver(DriverManagerSafari.java:19)
at com.qa.base.BaseTest.startDriver(BaseTest.java:68)
at java.base/java.util.concurrent.ThreadPoolExecutor.runWorker(ThreadPoolExecutor.java:1136)
at java.base/java.util.concurrent.ThreadPoolExecutor$Worker.run(ThreadPoolExecutor.java:635)
at java.base/java.lang.Thread.run(Thread.java:833)
... Removed 16 stack frames]]>
    </failure>
  </testcase> <!-- @BeforeMethod startDriver -->
  <testcase classname="com.qa.tests.AddToCartTest" name="addToCartFromStorePage" time="0.682">
    <failure type="java.lang.NullPointerException" message="Cannot invoke &amp;quot;org.openqa.selenium.remote.RemoteWebDriver.getCapabilities()&amp;quot; because the return value of &amp;quot;com.qa.driver.DriverManager.getDriver()&amp;quot; is null">
      <![CDATA[java.lang.NullPointerException: Cannot invoke "org.openqa.selenium.remote.RemoteWebDriver.getCapabilities()" because the return value of "com.qa.driver.DriverManager.getDriver()" is null
at com.qa.utils.BrowserInfoUtils.getBrowserInfo(BrowserInfoUtils.java:23)
at com.qa.utils.IconUtils.getBrowserIcon(IconUtils.java:20)
at com.qa.reports.ExtentReport.createTest(ExtentReport.java:65)
at com.qa.listeners.ListenerClass.onTestStart(ListenerClass.java:49)
at java.base/java.util.concurrent.ThreadPoolExecutor.runWorker(ThreadPoolExecutor.java:1136)
at java.base/java.util.concurrent.ThreadPoolExecutor$Worker.run(ThreadPoolExecutor.java:635)
at java.base/java.lang.Thread.run(Thread.java:833)
... Removed 10 stack frames]]>
    </failure>
  </testcase> <!-- addToCartFromStorePage -->
  <testcase classname="com.qa.tests.LoginTest" name="loginDuringCheckout_ATOMIC_TEST" time="0.016">
    <failure type="java.lang.NullPointerException" message="Cannot invoke &amp;quot;org.openqa.selenium.remote.RemoteWebDriver.getCapabilities()&amp;quot; because the return value of &amp;quot;com.qa.driver.DriverManager.getDriver()&amp;quot; is null">
      <![CDATA[java.lang.NullPointerException: Cannot invoke "org.openqa.selenium.remote.RemoteWebDriver.getCapabilities()" because the return value of "com.qa.driver.DriverManager.getDriver()" is null
at com.qa.utils.BrowserInfoUtils.getBrowserInfo(BrowserInfoUtils.java:23)
at com.qa.utils.IconUtils.getBrowserIcon(IconUtils.java:20)
at com.qa.reports.ExtentReport.createTest(ExtentReport.java:65)
at com.qa.listeners.ListenerClass.onTestStart(ListenerClass.java:49)
at java.base/java.util.concurrent.ThreadPoolExecutor.runWorker(ThreadPoolExecutor.java:1136)
at java.base/java.util.concurrent.ThreadPoolExecutor$Worker.run(ThreadPoolExecutor.java:635)
at java.base/java.lang.Thread.run(Thread.java:833)
... Removed 10 stack frames]]>
    </failure>
  </testcase> <!-- loginDuringCheckout_ATOMIC_TEST -->
  <testcase classname="com.qa.tests.NavigationTest" name="navigateFromHomeToStoreUsingMainMenu" time="0.018">
    <failure type="java.lang.NullPointerException" message="Cannot invoke &amp;quot;org.openqa.selenium.remote.RemoteWebDriver.getCapabilities()&amp;quot; because the return value of &amp;quot;com.qa.driver.DriverManager.getDriver()&amp;quot; is null">
      <![CDATA[java.lang.NullPointerException: Cannot invoke "org.openqa.selenium.remote.RemoteWebDriver.getCapabilities()" because the return value of "com.qa.driver.DriverManager.getDriver()" is null
at com.qa.utils.BrowserInfoUtils.getBrowserInfo(BrowserInfoUtils.java:23)
at com.qa.utils.IconUtils.getBrowserIcon(IconUtils.java:20)
at com.qa.reports.ExtentReport.createTest(ExtentReport.java:65)
at com.qa.listeners.ListenerClass.onTestStart(ListenerClass.java:49)
at java.base/java.util.concurrent.ThreadPoolExecutor.runWorker(ThreadPoolExecutor.java:1136)
at java.base/java.util.concurrent.ThreadPoolExecutor$Worker.run(ThreadPoolExecutor.java:635)
at java.base/java.lang.Thread.run(Thread.java:833)
... Removed 10 stack frames]]>
    </failure>
  </testcase> <!-- navigateFromHomeToStoreUsingMainMenu -->
  <testcase classname="com.qa.tests.SearchTest" name="searchWithPartialMatch" time="0.013">
    <failure type="java.lang.NullPointerException" message="Cannot invoke &amp;quot;org.openqa.selenium.remote.RemoteWebDriver.getCapabilities()&amp;quot; because the return value of &amp;quot;com.qa.driver.DriverManager.getDriver()&amp;quot; is null">
      <![CDATA[java.lang.NullPointerException: Cannot invoke "org.openqa.selenium.remote.RemoteWebDriver.getCapabilities()" because the return value of "com.qa.driver.DriverManager.getDriver()" is null
at com.qa.utils.BrowserInfoUtils.getBrowserInfo(BrowserInfoUtils.java:23)
at com.qa.utils.IconUtils.getBrowserIcon(IconUtils.java:20)
at com.qa.reports.ExtentReport.createTest(ExtentReport.java:65)
at com.qa.listeners.ListenerClass.onTestStart(ListenerClass.java:49)
at java.base/java.util.concurrent.ThreadPoolExecutor.runWorker(ThreadPoolExecutor.java:1136)
at java.base/java.util.concurrent.ThreadPoolExecutor$Worker.run(ThreadPoolExecutor.java:635)
at java.base/java.lang.Thread.run(Thread.java:833)
... Removed 10 stack frames]]>
    </failure>
  </testcase> <!-- searchWithPartialMatch -->
</testsuite> <!-- Regression Tests execution over Safari Browser -->
